Error loading file pokemon_essentials/pokemon-essentials/Data/Scripts/001_Technical/001_MKXP_Compatibility.rb: uninitialized constant Font
D:/GitHub/RPGSaveEditor/rpg_save_editor/pokemon_essentials/pokemon-essentials/Data/Scripts/001_Technical/001_MKXP_Compatibility.rb:3:in `<top (required)>'
rxToJSON.rb:5:in `require_relative'
rxToJSON.rb:5:in `block in <main>'
rxToJSON.rb:3:in `each'
rxToJSON.rb:3:in `<main>'

Error loading file pokemon_essentials/pokemon-essentials/Data/Scripts/001_Technical/004_Input.rb: uninitialized constant Input::C
D:/GitHub/RPGSaveEditor/rpg_save_editor/pokemon_essentials/pokemon-essentials/Data/Scripts/001_Technical/004_Input.rb:2:in `<module:Input>'
D:/GitHub/RPGSaveEditor/rpg_save_editor/pokemon_essentials/pokemon-essentials/Data/Scripts/001_Technical/004_Input.rb:1:in `<top (required)>'
rxToJSON.rb:5:in `require_relative'
rxToJSON.rb:5:in `block in <main>'
rxToJSON.rb:3:in `each'
rxToJSON.rb:3:in `<main>'

Error loading file pokemon_essentials/pokemon-essentials/Data/Scripts/001_Technical/006_RPG_Sprite.rb: uninitialized constant Sprite
D:/GitHub/RPGSaveEditor/rpg_save_editor/pokemon_essentials/pokemon-essentials/Data/Scripts/001_Technical/006_RPG_Sprite.rb:268:in `<module:RPG>'
D:/GitHub/RPGSaveEditor/rpg_save_editor/pokemon_essentials/pokemon-essentials/Data/Scripts/001_Technical/006_RPG_Sprite.rb:267:in `<top (required)>'
rxToJSON.rb:5:in `require_relative'
rxToJSON.rb:5:in `block in <main>'
rxToJSON.rb:3:in `each'
rxToJSON.rb:3:in `<main>'

Error loading file pokemon_essentials/pokemon-essentials/Data/Scripts/002_Save data/001_SaveData.rb: uninitialized constant SaveData::System
D:/GitHub/RPGSaveEditor/rpg_save_editor/pokemon_essentials/pokemon-essentials/Data/Scripts/002_Save data/001_SaveData.rb:8:in `<module:SaveData>'
D:/GitHub/RPGSaveEditor/rpg_save_editor/pokemon_essentials/pokemon-essentials/Data/Scripts/002_Save data/001_SaveData.rb:6:in `<top (required)>'
rxToJSON.rb:5:in `require_relative'
rxToJSON.rb:5:in `block in <main>'
rxToJSON.rb:3:in `each'
rxToJSON.rb:3:in `<main>'

Error loading file pokemon_essentials/pokemon-essentials/Data/Scripts/004_Game classes/013_Game_Stats.rb: undefined method `update' for class `#<Class:Graphics>'
D:/GitHub/RPGSaveEditor/rpg_save_editor/pokemon_essentials/pokemon-essentials/Data/Scripts/004_Game classes/013_Game_Stats.rb:190:in `singleton class'
D:/GitHub/RPGSaveEditor/rpg_save_editor/pokemon_essentials/pokemon-essentials/Data/Scripts/004_Game classes/013_Game_Stats.rb:189:in `<module:Graphics>'
D:/GitHub/RPGSaveEditor/rpg_save_editor/pokemon_essentials/pokemon-essentials/Data/Scripts/004_Game classes/013_Game_Stats.rb:187:in `<top (required)>'
rxToJSON.rb:5:in `require_relative'
rxToJSON.rb:5:in `block in <main>'
rxToJSON.rb:3:in `each'
rxToJSON.rb:3:in `<main>'

Error loading file pokemon_essentials/pokemon-essentials/Data/Scripts/005_Sprites/003_Sprite_Character.rb: uninitialized constant RPG::Sprite
D:/GitHub/RPGSaveEditor/rpg_save_editor/pokemon_essentials/pokemon-essentials/Data/Scripts/005_Sprites/003_Sprite_Character.rb:58:in `<top (required)>'
rxToJSON.rb:5:in `require_relative'
rxToJSON.rb:5:in `block in <main>'
rxToJSON.rb:3:in `each'
rxToJSON.rb:3:in `<main>'

Error loading file pokemon_essentials/pokemon-essentials/Data/Scripts/005_Sprites/006_Spriteset_Global.rb: uninitialized constant Spriteset_Global::Viewport
D:/GitHub/RPGSaveEditor/rpg_save_editor/pokemon_essentials/pokemon-essentials/Data/Scripts/005_Sprites/006_Spriteset_Global.rb:4:in `<class:Spriteset_Global>'
D:/GitHub/RPGSaveEditor/rpg_save_editor/pokemon_essentials/pokemon-essentials/Data/Scripts/005_Sprites/006_Spriteset_Global.rb:1:in `<top (required)>'
rxToJSON.rb:5:in `require_relative'
rxToJSON.rb:5:in `block in <main>'
rxToJSON.rb:3:in `each'
rxToJSON.rb:3:in `<main>'

Error loading file pokemon_essentials/pokemon-essentials/Data/Scripts/005_Sprites/007_Spriteset_Map.rb: uninitialized constant Sprite_Character
D:/GitHub/RPGSaveEditor/rpg_save_editor/pokemon_essentials/pokemon-essentials/Data/Scripts/005_Sprites/007_Spriteset_Map.rb:2:in `<top (required)>'
rxToJSON.rb:5:in `require_relative'
rxToJSON.rb:5:in `block in <main>'
rxToJSON.rb:3:in `each'
rxToJSON.rb:3:in `<main>'

Error loading file pokemon_essentials/pokemon-essentials/Data/Scripts/005_Sprites/008_Sprite_AnimationSprite.rb: uninitialized constant RPG::Sprite
D:/GitHub/RPGSaveEditor/rpg_save_editor/pokemon_essentials/pokemon-essentials/Data/Scripts/005_Sprites/008_Sprite_AnimationSprite.rb:7:in `<top (required)>'
rxToJSON.rb:5:in `require_relative'
rxToJSON.rb:5:in `block in <main>'
rxToJSON.rb:3:in `each'
rxToJSON.rb:3:in `<main>'

Error loading file pokemon_essentials/pokemon-essentials/Data/Scripts/005_Sprites/009_Sprite_DynamicShadows.rb: uninitialized constant RPG::Sprite
D:/GitHub/RPGSaveEditor/rpg_save_editor/pokemon_essentials/pokemon-essentials/Data/Scripts/005_Sprites/009_Sprite_DynamicShadows.rb:7:in `<top (required)>'
rxToJSON.rb:5:in `require_relative'
rxToJSON.rb:5:in `block in <main>'
rxToJSON.rb:3:in `each'
rxToJSON.rb:3:in `<main>'

Error loading file pokemon_essentials/pokemon-essentials/Data/Scripts/006_Map renderer/001_TilemapRenderer.rb: uninitialized constant TilemapRenderer::Sprite
D:/GitHub/RPGSaveEditor/rpg_save_editor/pokemon_essentials/pokemon-essentials/Data/Scripts/006_Map renderer/001_TilemapRenderer.rb:238:in `<class:TilemapRenderer>'
D:/GitHub/RPGSaveEditor/rpg_save_editor/pokemon_essentials/pokemon-essentials/Data/Scripts/006_Map renderer/001_TilemapRenderer.rb:4:in `<top (required)>'
rxToJSON.rb:5:in `require_relative'
rxToJSON.rb:5:in `block in <main>'
rxToJSON.rb:3:in `each'
rxToJSON.rb:3:in `<main>'

Error loading file pokemon_essentials/pokemon-essentials/Data/Scripts/006_Map renderer/002_TilesetWrapper.rb: uninitialized constant TilemapRenderer::TilesetWrapper::Bitmap
D:/GitHub/RPGSaveEditor/rpg_save_editor/pokemon_essentials/pokemon-essentials/Data/Scripts/006_Map renderer/002_TilesetWrapper.rb:25:in `<module:TilesetWrapper>'
D:/GitHub/RPGSaveEditor/rpg_save_editor/pokemon_essentials/pokemon-essentials/Data/Scripts/006_Map renderer/002_TilesetWrapper.rb:22:in `<class:TilemapRenderer>'
D:/GitHub/RPGSaveEditor/rpg_save_editor/pokemon_essentials/pokemon-essentials/Data/Scripts/006_Map renderer/002_TilesetWrapper.rb:21:in `<top (required)>'
rxToJSON.rb:5:in `require_relative'
rxToJSON.rb:5:in `block in <main>'
rxToJSON.rb:3:in `each'
rxToJSON.rb:3:in `<main>'

Error loading file pokemon_essentials/pokemon-essentials/Data/Scripts/006_Map renderer/003_AutotileExpander.rb: uninitialized constant TilemapRenderer::AutotileExpander::Bitmap
D:/GitHub/RPGSaveEditor/rpg_save_editor/pokemon_essentials/pokemon-essentials/Data/Scripts/006_Map renderer/003_AutotileExpander.rb:3:in `<module:AutotileExpander>'
D:/GitHub/RPGSaveEditor/rpg_save_editor/pokemon_essentials/pokemon-essentials/Data/Scripts/006_Map renderer/003_AutotileExpander.rb:2:in `<class:TilemapRenderer>'
D:/GitHub/RPGSaveEditor/rpg_save_editor/pokemon_essentials/pokemon-essentials/Data/Scripts/006_Map renderer/003_AutotileExpander.rb:1:in `<top (required)>'
rxToJSON.rb:5:in `require_relative'
rxToJSON.rb:5:in `block in <main>'
rxToJSON.rb:3:in `each'
rxToJSON.rb:3:in `<main>'

Error loading file pokemon_essentials/pokemon-essentials/Data/Scripts/007_Objects and windows/001_RPG_Cache.rb: uninitialized constant Bitmap
D:/GitHub/RPGSaveEditor/rpg_save_editor/pokemon_essentials/pokemon-essentials/Data/Scripts/007_Objects and windows/001_RPG_Cache.rb:107:in `<top (required)>'
rxToJSON.rb:5:in `require_relative'
rxToJSON.rb:5:in `block in <main>'
rxToJSON.rb:3:in `each'
rxToJSON.rb:3:in `<main>'

Error loading file pokemon_essentials/pokemon-essentials/Data/Scripts/007_Objects and windows/002_MessageConfig.rb: wrong number of arguments (given 3, expected 0)
D:/GitHub/RPGSaveEditor/rpg_save_editor/pokemon_essentials/pokemon-essentials/Data/Scripts/001_Technical/002_RubyUtilities.rb:187:in `initialize'
D:/GitHub/RPGSaveEditor/rpg_save_editor/pokemon_essentials/pokemon-essentials/Data/Scripts/001_Technical/002_RubyUtilities.rb:187:in `initialize'
D:/GitHub/RPGSaveEditor/rpg_save_editor/pokemon_essentials/pokemon-essentials/Data/Scripts/007_Objects and windows/002_MessageConfig.rb:2:in `new'
D:/GitHub/RPGSaveEditor/rpg_save_editor/pokemon_essentials/pokemon-essentials/Data/Scripts/007_Objects and windows/002_MessageConfig.rb:2:in `<module:MessageConfig>'
D:/GitHub/RPGSaveEditor/rpg_save_editor/pokemon_essentials/pokemon-essentials/Data/Scripts/007_Objects and windows/002_MessageConfig.rb:1:in `<top (required)>'
rxToJSON.rb:5:in `require_relative'
rxToJSON.rb:5:in `block in <main>'
rxToJSON.rb:3:in `each'
rxToJSON.rb:3:in `<main>'

Error loading file pokemon_essentials/pokemon-essentials/Data/Scripts/007_Objects and windows/003_Window.rb: uninitialized constant Rect
D:/GitHub/RPGSaveEditor/rpg_save_editor/pokemon_essentials/pokemon-essentials/Data/Scripts/007_Objects and windows/003_Window.rb:1:in `<top (required)>'
rxToJSON.rb:5:in `require_relative'
rxToJSON.rb:5:in `block in <main>'
rxToJSON.rb:3:in `each'
rxToJSON.rb:3:in `<main>'

Error loading file pokemon_essentials/pokemon-essentials/Data/Scripts/007_Objects and windows/004_SpriteWindow.rb: uninitialized constant Window
D:/GitHub/RPGSaveEditor/rpg_save_editor/pokemon_essentials/pokemon-essentials/Data/Scripts/007_Objects and windows/004_SpriteWindow.rb:6:in `<top (required)>'
rxToJSON.rb:5:in `require_relative'
rxToJSON.rb:5:in `block in <main>'
rxToJSON.rb:3:in `each'
rxToJSON.rb:3:in `<main>'

Error loading file pokemon_essentials/pokemon-essentials/Data/Scripts/007_Objects and windows/005_SpriteWindow_text.rb: uninitialized constant SpriteWindow_Base
D:/GitHub/RPGSaveEditor/rpg_save_editor/pokemon_essentials/pokemon-essentials/Data/Scripts/007_Objects and windows/005_SpriteWindow_text.rb:6:in `<top (required)>'
rxToJSON.rb:5:in `require_relative'
rxToJSON.rb:5:in `block in <main>'
rxToJSON.rb:3:in `each'
rxToJSON.rb:3:in `<main>'

Error loading file pokemon_essentials/pokemon-essentials/Data/Scripts/007_Objects and windows/006_SpriteWindow_pictures.rb: uninitialized constant SpriteWindow_Base
D:/GitHub/RPGSaveEditor/rpg_save_editor/pokemon_essentials/pokemon-essentials/Data/Scripts/007_Objects and windows/006_SpriteWindow_pictures.rb:4:in `<top (required)>'
rxToJSON.rb:5:in `require_relative'
rxToJSON.rb:5:in `block in <main>'
rxToJSON.rb:3:in `each'
rxToJSON.rb:3:in `<main>'

Error loading file pokemon_essentials/pokemon-essentials/Data/Scripts/007_Objects and windows/007_SpriteWrapper.rb: uninitialized constant Sprite
D:/GitHub/RPGSaveEditor/rpg_save_editor/pokemon_essentials/pokemon-essentials/Data/Scripts/007_Objects and windows/007_SpriteWrapper.rb:97:in `<top (required)>'
rxToJSON.rb:5:in `require_relative'
rxToJSON.rb:5:in `block in <main>'
rxToJSON.rb:3:in `each'
rxToJSON.rb:3:in `<main>'

Error loading file pokemon_essentials/pokemon-essentials/Data/Scripts/007_Objects and windows/011_Messages.rb: uninitialized constant SpriteWindow_Base
D:/GitHub/RPGSaveEditor/rpg_save_editor/pokemon_essentials/pokemon-essentials/Data/Scripts/007_Objects and windows/011_Messages.rb:216:in `<top (required)>'
rxToJSON.rb:5:in `require_relative'
rxToJSON.rb:5:in `block in <main>'
rxToJSON.rb:3:in `each'
rxToJSON.rb:3:in `<main>'

Error loading file pokemon_essentials/pokemon-essentials/Data/Scripts/007_Objects and windows/012_TextEntry.rb: uninitialized constant SpriteWindow_Base
D:/GitHub/RPGSaveEditor/rpg_save_editor/pokemon_essentials/pokemon-essentials/Data/Scripts/007_Objects and windows/012_TextEntry.rb:89:in `<top (required)>'
rxToJSON.rb:5:in `require_relative'
rxToJSON.rb:5:in `block in <main>'
rxToJSON.rb:3:in `each'
rxToJSON.rb:3:in `<main>'

Error loading file pokemon_essentials/pokemon-essentials/Data/Scripts/009_Scenes/001_Transitions.rb: undefined method `transition' for class `#<Class:Graphics>'
D:/GitHub/RPGSaveEditor/rpg_save_editor/pokemon_essentials/pokemon-essentials/Data/Scripts/009_Scenes/001_Transitions.rb:10:in `singleton class'
D:/GitHub/RPGSaveEditor/rpg_save_editor/pokemon_essentials/pokemon-essentials/Data/Scripts/009_Scenes/001_Transitions.rb:9:in `<module:Graphics>'
D:/GitHub/RPGSaveEditor/rpg_save_editor/pokemon_essentials/pokemon-essentials/Data/Scripts/009_Scenes/001_Transitions.rb:4:in `<top (required)>'
rxToJSON.rb:5:in `require_relative'
rxToJSON.rb:5:in `block in <main>'
rxToJSON.rb:3:in `each'
rxToJSON.rb:3:in `<main>'

Error loading file pokemon_essentials/pokemon-essentials/Data/Scripts/009_Scenes/002_EventScene.rb: uninitialized constant Sprite
D:/GitHub/RPGSaveEditor/rpg_save_editor/pokemon_essentials/pokemon-essentials/Data/Scripts/009_Scenes/002_EventScene.rb:1:in `<top (required)>'
rxToJSON.rb:5:in `require_relative'
rxToJSON.rb:5:in `block in <main>'
rxToJSON.rb:3:in `each'
rxToJSON.rb:3:in `<main>'

Error loading file pokemon_essentials/pokemon-essentials/Data/Scripts/011_Battle/004_Scene/001_Battle_Scene.rb: wrong number of arguments (given 3, expected 0)
D:/GitHub/RPGSaveEditor/rpg_save_editor/pokemon_essentials/pokemon-essentials/Data/Scripts/001_Technical/002_RubyUtilities.rb:187:in `initialize'
D:/GitHub/RPGSaveEditor/rpg_save_editor/pokemon_essentials/pokemon-essentials/Data/Scripts/001_Technical/002_RubyUtilities.rb:187:in `initialize'
D:/GitHub/RPGSaveEditor/rpg_save_editor/pokemon_essentials/pokemon-essentials/Data/Scripts/011_Battle/004_Scene/001_Battle_Scene.rb:10:in `new'
D:/GitHub/RPGSaveEditor/rpg_save_editor/pokemon_essentials/pokemon-essentials/Data/Scripts/011_Battle/004_Scene/001_Battle_Scene.rb:10:in `<class:Scene>'
D:/GitHub/RPGSaveEditor/rpg_save_editor/pokemon_essentials/pokemon-essentials/Data/Scripts/011_Battle/004_Scene/001_Battle_Scene.rb:2:in `<top (required)>'
rxToJSON.rb:5:in `require_relative'
rxToJSON.rb:5:in `block in <main>'
rxToJSON.rb:3:in `each'
rxToJSON.rb:3:in `<main>'

Error loading file pokemon_essentials/pokemon-essentials/Data/Scripts/011_Battle/004_Scene/005_Battle_Scene_Menus.rb: uninitialized constant Battle::Scene::MESSAGE_BASE_COLOR
D:/GitHub/RPGSaveEditor/rpg_save_editor/pokemon_essentials/pokemon-essentials/Data/Scripts/011_Battle/004_Scene/005_Battle_Scene_Menus.rb:15:in `<class:MenuBase>'
D:/GitHub/RPGSaveEditor/rpg_save_editor/pokemon_essentials/pokemon-essentials/Data/Scripts/011_Battle/004_Scene/005_Battle_Scene_Menus.rb:4:in `<top (required)>'
rxToJSON.rb:5:in `require_relative'
rxToJSON.rb:5:in `block in <main>'
rxToJSON.rb:3:in `each'
rxToJSON.rb:3:in `<main>'

Error loading file pokemon_essentials/pokemon-essentials/Data/Scripts/011_Battle/004_Scene/006_Battle_Scene_Objects.rb: uninitialized constant Sprite
D:/GitHub/RPGSaveEditor/rpg_save_editor/pokemon_essentials/pokemon-essentials/Data/Scripts/011_Battle/004_Scene/006_Battle_Scene_Objects.rb:4:in `<top (required)>'
rxToJSON.rb:5:in `require_relative'
rxToJSON.rb:5:in `block in <main>'
rxToJSON.rb:3:in `each'
rxToJSON.rb:3:in `<main>'

Error loading file pokemon_essentials/pokemon-essentials/Data/Scripts/011_Battle/004_Scene/007_Battle_Scene_BaseAnimation.rb: uninitialized constant Battle::Scene::Animation::BallAnimationMixin::Tone
D:/GitHub/RPGSaveEditor/rpg_save_editor/pokemon_essentials/pokemon-essentials/Data/Scripts/011_Battle/004_Scene/007_Battle_Scene_BaseAnimation.rb:265:in `<module:BallAnimationMixin>'
D:/GitHub/RPGSaveEditor/rpg_save_editor/pokemon_essentials/pokemon-essentials/Data/Scripts/011_Battle/004_Scene/007_Battle_Scene_BaseAnimation.rb:68:in `<top (required)>'
rxToJSON.rb:5:in `require_relative'
rxToJSON.rb:5:in `block in <main>'
rxToJSON.rb:3:in `each'
rxToJSON.rb:3:in `<main>'

Error loading file pokemon_essentials/pokemon-essentials/Data/Scripts/011_Battle/007_Other battle types/001_SafariBattle.rb: uninitialized constant Sprite
D:/GitHub/RPGSaveEditor/rpg_save_editor/pokemon_essentials/pokemon-essentials/Data/Scripts/011_Battle/007_Other battle types/001_SafariBattle.rb:62:in `<top (required)>'
rxToJSON.rb:5:in `require_relative'
rxToJSON.rb:5:in `block in <main>'
rxToJSON.rb:3:in `each'
rxToJSON.rb:3:in `<main>'

Error loading file pokemon_essentials/pokemon-essentials/Data/Scripts/012_Overworld/001_Overworld visuals/002_Overworld_Overlays.rb: uninitialized constant Sprite
D:/GitHub/RPGSaveEditor/rpg_save_editor/pokemon_essentials/pokemon-essentials/Data/Scripts/012_Overworld/001_Overworld visuals/002_Overworld_Overlays.rb:46:in `<top (required)>'
rxToJSON.rb:5:in `require_relative'
rxToJSON.rb:5:in `block in <main>'
rxToJSON.rb:3:in `each'
rxToJSON.rb:3:in `<main>'

Error loading file pokemon_essentials/pokemon-essentials/Data/Scripts/012_Overworld/003_Overworld_Time.rb: uninitialized constant PBDayNight::Tone
D:/GitHub/RPGSaveEditor/rpg_save_editor/pokemon_essentials/pokemon-essentials/Data/Scripts/012_Overworld/003_Overworld_Time.rb:12:in `<module:PBDayNight>'
D:/GitHub/RPGSaveEditor/rpg_save_editor/pokemon_essentials/pokemon-essentials/Data/Scripts/012_Overworld/003_Overworld_Time.rb:10:in `<top (required)>'
rxToJSON.rb:5:in `require_relative'
rxToJSON.rb:5:in `block in <main>'
rxToJSON.rb:3:in `each'
rxToJSON.rb:3:in `<main>'

Error loading file pokemon_essentials/pokemon-essentials/Data/Scripts/013_Items/007_Item_Sprites.rb: uninitialized constant Sprite
D:/GitHub/RPGSaveEditor/rpg_save_editor/pokemon_essentials/pokemon-essentials/Data/Scripts/013_Items/007_Item_Sprites.rb:4:in `<top (required)>'
rxToJSON.rb:5:in `require_relative'
rxToJSON.rb:5:in `block in <main>'
rxToJSON.rb:3:in `each'
rxToJSON.rb:3:in `<main>'

Error loading file pokemon_essentials/pokemon-essentials/Data/Scripts/014_Pokemon/001_Pokemon-related/003_Pokemon_Sprites.rb: uninitialized constant Sprite
D:/GitHub/RPGSaveEditor/rpg_save_editor/pokemon_essentials/pokemon-essentials/Data/Scripts/014_Pokemon/001_Pokemon-related/003_Pokemon_Sprites.rb:4:in `<top (required)>'
rxToJSON.rb:5:in `require_relative'
rxToJSON.rb:5:in `block in <main>'
rxToJSON.rb:3:in `each'
rxToJSON.rb:3:in `<main>'

Error loading file pokemon_essentials/pokemon-essentials/Data/Scripts/015_Trainers and player/003_Trainer_Sprites.rb: uninitialized constant Sprite
D:/GitHub/RPGSaveEditor/rpg_save_editor/pokemon_essentials/pokemon-essentials/Data/Scripts/015_Trainers and player/003_Trainer_Sprites.rb:4:in `<top (required)>'
rxToJSON.rb:5:in `require_relative'
rxToJSON.rb:5:in `block in <main>'
rxToJSON.rb:3:in `each'
rxToJSON.rb:3:in `<main>'

Error loading file pokemon_essentials/pokemon-essentials/Data/Scripts/016_UI/001_Non-interactive UI/001_UI_SplashesAndTitleScreen.rb: uninitialized constant EventScene
D:/GitHub/RPGSaveEditor/rpg_save_editor/pokemon_essentials/pokemon-essentials/Data/Scripts/016_UI/001_Non-interactive UI/001_UI_SplashesAndTitleScreen.rb:1:in `<top (required)>'
rxToJSON.rb:5:in `require_relative'
rxToJSON.rb:5:in `block in <main>'
rxToJSON.rb:3:in `each'
rxToJSON.rb:3:in `<main>'

Error loading file pokemon_essentials/pokemon-essentials/Data/Scripts/016_UI/001_Non-interactive UI/002_UI_Controls.rb: uninitialized constant EventScene
D:/GitHub/RPGSaveEditor/rpg_save_editor/pokemon_essentials/pokemon-essentials/Data/Scripts/016_UI/001_Non-interactive UI/002_UI_Controls.rb:8:in `<top (required)>'
rxToJSON.rb:5:in `require_relative'
rxToJSON.rb:5:in `block in <main>'
rxToJSON.rb:3:in `each'
rxToJSON.rb:3:in `<main>'

Error loading file pokemon_essentials/pokemon-essentials/Data/Scripts/016_UI/001_Non-interactive UI/006_UI_HallOfFame.rb: wrong number of arguments (given 3, expected 0)
D:/GitHub/RPGSaveEditor/rpg_save_editor/pokemon_essentials/pokemon-essentials/Data/Scripts/001_Technical/002_RubyUtilities.rb:187:in `initialize'
D:/GitHub/RPGSaveEditor/rpg_save_editor/pokemon_essentials/pokemon-essentials/Data/Scripts/001_Technical/002_RubyUtilities.rb:187:in `initialize'
D:/GitHub/RPGSaveEditor/rpg_save_editor/pokemon_essentials/pokemon-essentials/Data/Scripts/016_UI/001_Non-interactive UI/006_UI_HallOfFame.rb:42:in `new'
D:/GitHub/RPGSaveEditor/rpg_save_editor/pokemon_essentials/pokemon-essentials/Data/Scripts/016_UI/001_Non-interactive UI/006_UI_HallOfFame.rb:42:in `<class:HallOfFame_Scene>'
D:/GitHub/RPGSaveEditor/rpg_save_editor/pokemon_essentials/pokemon-essentials/Data/Scripts/016_UI/001_Non-interactive UI/006_UI_HallOfFame.rb:17:in `<top (required)>'
rxToJSON.rb:5:in `require_relative'
rxToJSON.rb:5:in `block in <main>'
rxToJSON.rb:3:in `each'
rxToJSON.rb:3:in `<main>'

Error loading file pokemon_essentials/pokemon-essentials/Data/Scripts/016_UI/001_Non-interactive UI/007_UI_Credits.rb: wrong number of arguments (given 4, expected 0)
D:/GitHub/RPGSaveEditor/rpg_save_editor/pokemon_essentials/pokemon-essentials/Data/Scripts/001_Technical/002_RubyUtilities.rb:188:in `initialize'
D:/GitHub/RPGSaveEditor/rpg_save_editor/pokemon_essentials/pokemon-essentials/Data/Scripts/001_Technical/002_RubyUtilities.rb:188:in `initialize'
D:/GitHub/RPGSaveEditor/rpg_save_editor/pokemon_essentials/pokemon-essentials/Data/Scripts/016_UI/001_Non-interactive UI/007_UI_Credits.rb:42:in `new'
D:/GitHub/RPGSaveEditor/rpg_save_editor/pokemon_essentials/pokemon-essentials/Data/Scripts/016_UI/001_Non-interactive UI/007_UI_Credits.rb:42:in `<class:Scene_Credits>'
D:/GitHub/RPGSaveEditor/rpg_save_editor/pokemon_essentials/pokemon-essentials/Data/Scripts/016_UI/001_Non-interactive UI/007_UI_Credits.rb:36:in `<top (required)>'
rxToJSON.rb:5:in `require_relative'
rxToJSON.rb:5:in `block in <main>'
rxToJSON.rb:3:in `each'
rxToJSON.rb:3:in `<main>'

Error loading file pokemon_essentials/pokemon-essentials/Data/Scripts/016_UI/002_UI_Pokedex_Menu.rb: uninitialized constant Window_CommandPokemon
D:/GitHub/RPGSaveEditor/rpg_save_editor/pokemon_essentials/pokemon-essentials/Data/Scripts/016_UI/002_UI_Pokedex_Menu.rb:7:in `<top (required)>'
rxToJSON.rb:5:in `require_relative'
rxToJSON.rb:5:in `block in <main>'
rxToJSON.rb:3:in `each'
rxToJSON.rb:3:in `<main>'

Error loading file pokemon_essentials/pokemon-essentials/Data/Scripts/016_UI/003_UI_Pokedex_Main.rb: uninitialized constant Window_DrawableCommand
D:/GitHub/RPGSaveEditor/rpg_save_editor/pokemon_essentials/pokemon-essentials/Data/Scripts/016_UI/003_UI_Pokedex_Main.rb:4:in `<top (required)>'
rxToJSON.rb:5:in `require_relative'
rxToJSON.rb:5:in `block in <main>'
rxToJSON.rb:3:in `each'
rxToJSON.rb:3:in `<main>'

Error loading file pokemon_essentials/pokemon-essentials/Data/Scripts/016_UI/005_UI_Party.rb: uninitialized constant Sprite
D:/GitHub/RPGSaveEditor/rpg_save_editor/pokemon_essentials/pokemon-essentials/Data/Scripts/016_UI/005_UI_Party.rb:4:in `<top (required)>'
rxToJSON.rb:5:in `require_relative'
rxToJSON.rb:5:in `block in <main>'
rxToJSON.rb:3:in `each'
rxToJSON.rb:3:in `<main>'

Error loading file pokemon_essentials/pokemon-essentials/Data/Scripts/016_UI/006_UI_Summary.rb: uninitialized constant Sprite
D:/GitHub/RPGSaveEditor/rpg_save_editor/pokemon_essentials/pokemon-essentials/Data/Scripts/016_UI/006_UI_Summary.rb:4:in `<top (required)>'
rxToJSON.rb:5:in `require_relative'
rxToJSON.rb:5:in `block in <main>'
rxToJSON.rb:3:in `each'
rxToJSON.rb:3:in `<main>'

Error loading file pokemon_essentials/pokemon-essentials/Data/Scripts/016_UI/007_UI_Bag.rb: uninitialized constant Window_DrawableCommand
D:/GitHub/RPGSaveEditor/rpg_save_editor/pokemon_essentials/pokemon-essentials/Data/Scripts/016_UI/007_UI_Bag.rb:4:in `<top (required)>'
rxToJSON.rb:5:in `require_relative'
rxToJSON.rb:5:in `block in <main>'
rxToJSON.rb:3:in `each'
rxToJSON.rb:3:in `<main>'

Error loading file pokemon_essentials/pokemon-essentials/Data/Scripts/016_UI/008_UI_Pokegear.rb: uninitialized constant Sprite
D:/GitHub/RPGSaveEditor/rpg_save_editor/pokemon_essentials/pokemon-essentials/Data/Scripts/016_UI/008_UI_Pokegear.rb:4:in `<top (required)>'
rxToJSON.rb:5:in `require_relative'
rxToJSON.rb:5:in `block in <main>'
rxToJSON.rb:3:in `each'
rxToJSON.rb:3:in `<main>'

Error loading file pokemon_essentials/pokemon-essentials/Data/Scripts/016_UI/009_UI_RegionMap.rb: uninitialized constant Sprite
D:/GitHub/RPGSaveEditor/rpg_save_editor/pokemon_essentials/pokemon-essentials/Data/Scripts/016_UI/009_UI_RegionMap.rb:4:in `<top (required)>'
rxToJSON.rb:5:in `require_relative'
rxToJSON.rb:5:in `block in <main>'
rxToJSON.rb:3:in `each'
rxToJSON.rb:3:in `<main>'

Error loading file pokemon_essentials/pokemon-essentials/Data/Scripts/016_UI/010_UI_Phone.rb: uninitialized constant Window_CommandPokemon
D:/GitHub/RPGSaveEditor/rpg_save_editor/pokemon_essentials/pokemon-essentials/Data/Scripts/016_UI/010_UI_Phone.rb:4:in `<top (required)>'
rxToJSON.rb:5:in `require_relative'
rxToJSON.rb:5:in `block in <main>'
rxToJSON.rb:3:in `each'
rxToJSON.rb:3:in `<main>'

Error loading file pokemon_essentials/pokemon-essentials/Data/Scripts/016_UI/013_UI_Load.rb: uninitialized constant Sprite
D:/GitHub/RPGSaveEditor/rpg_save_editor/pokemon_essentials/pokemon-essentials/Data/Scripts/016_UI/013_UI_Load.rb:4:in `<top (required)>'
rxToJSON.rb:5:in `require_relative'
rxToJSON.rb:5:in `block in <main>'
rxToJSON.rb:3:in `each'
rxToJSON.rb:3:in `<main>'

Error loading file pokemon_essentials/pokemon-essentials/Data/Scripts/016_UI/015_UI_Options.rb: uninitialized constant Window_DrawableCommand
D:/GitHub/RPGSaveEditor/rpg_save_editor/pokemon_essentials/pokemon-essentials/Data/Scripts/016_UI/015_UI_Options.rb:150:in `<top (required)>'
rxToJSON.rb:5:in `require_relative'
rxToJSON.rb:5:in `block in <main>'
rxToJSON.rb:3:in `each'
rxToJSON.rb:3:in `<main>'

Error loading file pokemon_essentials/pokemon-essentials/Data/Scripts/016_UI/016_UI_ReadyMenu.rb: uninitialized constant Sprite
D:/GitHub/RPGSaveEditor/rpg_save_editor/pokemon_essentials/pokemon-essentials/Data/Scripts/016_UI/016_UI_ReadyMenu.rb:4:in `<top (required)>'
rxToJSON.rb:5:in `require_relative'
rxToJSON.rb:5:in `block in <main>'
rxToJSON.rb:3:in `each'
rxToJSON.rb:3:in `<main>'

Error loading file pokemon_essentials/pokemon-essentials/Data/Scripts/016_UI/017_UI_PokemonStorage.rb: uninitialized constant IconSprite
D:/GitHub/RPGSaveEditor/rpg_save_editor/pokemon_essentials/pokemon-essentials/Data/Scripts/016_UI/017_UI_PokemonStorage.rb:4:in `<top (required)>'
rxToJSON.rb:5:in `require_relative'
rxToJSON.rb:5:in `block in <main>'
rxToJSON.rb:3:in `each'
rxToJSON.rb:3:in `<main>'

Error loading file pokemon_essentials/pokemon-essentials/Data/Scripts/016_UI/018_UI_ItemStorage.rb: uninitialized constant Window_DrawableCommand
D:/GitHub/RPGSaveEditor/rpg_save_editor/pokemon_essentials/pokemon-essentials/Data/Scripts/016_UI/018_UI_ItemStorage.rb:4:in `<top (required)>'
rxToJSON.rb:5:in `require_relative'
rxToJSON.rb:5:in `block in <main>'
rxToJSON.rb:3:in `each'
rxToJSON.rb:3:in `<main>'

Error loading file pokemon_essentials/pokemon-essentials/Data/Scripts/016_UI/020_UI_PokeMart.rb: uninitialized constant Window_DrawableCommand
D:/GitHub/RPGSaveEditor/rpg_save_editor/pokemon_essentials/pokemon-essentials/Data/Scripts/016_UI/020_UI_PokeMart.rb:155:in `<top (required)>'
rxToJSON.rb:5:in `require_relative'
rxToJSON.rb:5:in `block in <main>'
rxToJSON.rb:3:in `each'
rxToJSON.rb:3:in `<main>'

Error loading file pokemon_essentials/pokemon-essentials/Data/Scripts/016_UI/022_UI_PurifyChamber.rb: uninitialized constant Window_DrawableCommand
D:/GitHub/RPGSaveEditor/rpg_save_editor/pokemon_essentials/pokemon-essentials/Data/Scripts/016_UI/022_UI_PurifyChamber.rb:641:in `<top (required)>'
rxToJSON.rb:5:in `require_relative'
rxToJSON.rb:5:in `block in <main>'
rxToJSON.rb:3:in `each'
rxToJSON.rb:3:in `<main>'

Error loading file pokemon_essentials/pokemon-essentials/Data/Scripts/016_UI/024_UI_TextEntry.rb: uninitialized constant Window_DrawableCommand
D:/GitHub/RPGSaveEditor/rpg_save_editor/pokemon_essentials/pokemon-essentials/Data/Scripts/016_UI/024_UI_TextEntry.rb:4:in `<top (required)>'
rxToJSON.rb:5:in `require_relative'
rxToJSON.rb:5:in `block in <main>'
rxToJSON.rb:3:in `each'
rxToJSON.rb:3:in `<main>'

Error loading file pokemon_essentials/pokemon-essentials/Data/Scripts/017_Minigames/001_Minigame_Duel.rb: uninitialized constant Window_AdvancedTextPokemon
D:/GitHub/RPGSaveEditor/rpg_save_editor/pokemon_essentials/pokemon-essentials/Data/Scripts/017_Minigames/001_Minigame_Duel.rb:5:in `<top (required)>'
rxToJSON.rb:5:in `require_relative'
rxToJSON.rb:5:in `block in <main>'
rxToJSON.rb:3:in `each'
rxToJSON.rb:3:in `<main>'

Error loading file pokemon_essentials/pokemon-essentials/Data/Scripts/017_Minigames/003_Minigame_SlotMachine.rb: uninitialized constant BitmapSprite
D:/GitHub/RPGSaveEditor/rpg_save_editor/pokemon_essentials/pokemon-essentials/Data/Scripts/017_Minigames/003_Minigame_SlotMachine.rb:8:in `<top (required)>'
rxToJSON.rb:5:in `require_relative'
rxToJSON.rb:5:in `block in <main>'
rxToJSON.rb:3:in `each'
rxToJSON.rb:3:in `<main>'

Error loading file pokemon_essentials/pokemon-essentials/Data/Scripts/017_Minigames/006_Minigame_Mining.rb: uninitialized constant BitmapSprite
D:/GitHub/RPGSaveEditor/rpg_save_editor/pokemon_essentials/pokemon-essentials/Data/Scripts/017_Minigames/006_Minigame_Mining.rb:7:in `<top (required)>'
rxToJSON.rb:5:in `require_relative'
rxToJSON.rb:5:in `block in <main>'
rxToJSON.rb:3:in `each'
rxToJSON.rb:3:in `<main>'

Error loading file pokemon_essentials/pokemon-essentials/Data/Scripts/017_Minigames/007_Minigame_TilePuzzles.rb: uninitialized constant BitmapSprite
D:/GitHub/RPGSaveEditor/rpg_save_editor/pokemon_essentials/pokemon-essentials/Data/Scripts/017_Minigames/007_Minigame_TilePuzzles.rb:18:in `<top (required)>'
rxToJSON.rb:5:in `require_relative'
rxToJSON.rb:5:in `block in <main>'
rxToJSON.rb:3:in `each'
rxToJSON.rb:3:in `<main>'

Error loading file pokemon_essentials/pokemon-essentials/Data/Scripts/020_Debug/001_Editor screens/002_EditorScreens_TerrainTags.rb: wrong number of arguments (given 3, expected 0)
D:/GitHub/RPGSaveEditor/rpg_save_editor/pokemon_essentials/pokemon-essentials/Data/Scripts/001_Technical/002_RubyUtilities.rb:187:in `initialize'
D:/GitHub/RPGSaveEditor/rpg_save_editor/pokemon_essentials/pokemon-essentials/Data/Scripts/001_Technical/002_RubyUtilities.rb:187:in `initialize'
D:/GitHub/RPGSaveEditor/rpg_save_editor/pokemon_essentials/pokemon-essentials/Data/Scripts/020_Debug/001_Editor screens/002_EditorScreens_TerrainTags.rb:10:in `new'
D:/GitHub/RPGSaveEditor/rpg_save_editor/pokemon_essentials/pokemon-essentials/Data/Scripts/020_Debug/001_Editor screens/002_EditorScreens_TerrainTags.rb:10:in `<class:PokemonTilesetScene>'
D:/GitHub/RPGSaveEditor/rpg_save_editor/pokemon_essentials/pokemon-essentials/Data/Scripts/020_Debug/001_Editor screens/002_EditorScreens_TerrainTags.rb:4:in `<top (required)>'
rxToJSON.rb:5:in `require_relative'
rxToJSON.rb:5:in `block in <main>'
rxToJSON.rb:3:in `each'
rxToJSON.rb:3:in `<main>'

Error loading file pokemon_essentials/pokemon-essentials/Data/Scripts/020_Debug/001_Editor screens/003_EditorScreens_MapConnections.rb: uninitialized constant Sprite
D:/GitHub/RPGSaveEditor/rpg_save_editor/pokemon_essentials/pokemon-essentials/Data/Scripts/020_Debug/001_Editor screens/003_EditorScreens_MapConnections.rb:40:in `<top (required)>'
rxToJSON.rb:5:in `require_relative'
rxToJSON.rb:5:in `block in <main>'
rxToJSON.rb:3:in `each'
rxToJSON.rb:3:in `<main>'

Error loading file pokemon_essentials/pokemon-essentials/Data/Scripts/020_Debug/002_Animation editor/001_AnimEditor_SceneElements.rb: uninitialized constant Window_CommandPokemon
D:/GitHub/RPGSaveEditor/rpg_save_editor/pokemon_essentials/pokemon-essentials/Data/Scripts/020_Debug/002_Animation editor/001_AnimEditor_SceneElements.rb:4:in `<top (required)>'
rxToJSON.rb:5:in `require_relative'
rxToJSON.rb:5:in `block in <main>'
rxToJSON.rb:3:in `each'
rxToJSON.rb:3:in `<main>'

Error loading file pokemon_essentials/pokemon-essentials/Data/Scripts/020_Debug/002_Animation editor/002_AnimEditor_ControlsButtons.rb: uninitialized constant SpriteWindow_Base
D:/GitHub/RPGSaveEditor/rpg_save_editor/pokemon_essentials/pokemon-essentials/Data/Scripts/020_Debug/002_Animation editor/002_AnimEditor_ControlsButtons.rb:795:in `<top (required)>'
rxToJSON.rb:5:in `require_relative'
rxToJSON.rb:5:in `block in <main>'
rxToJSON.rb:3:in `each'
rxToJSON.rb:3:in `<main>'

Error loading file pokemon_essentials/pokemon-essentials/Data/Scripts/020_Debug/002_Animation editor/003_AnimEditor_Interpolation.rb: uninitialized constant Sprite
D:/GitHub/RPGSaveEditor/rpg_save_editor/pokemon_essentials/pokemon-essentials/Data/Scripts/020_Debug/002_Animation editor/003_AnimEditor_Interpolation.rb:4:in `<top (required)>'
rxToJSON.rb:5:in `require_relative'
rxToJSON.rb:5:in `block in <main>'
rxToJSON.rb:3:in `each'
rxToJSON.rb:3:in `<main>'

Error loading file pokemon_essentials/pokemon-essentials/Data/Scripts/020_Debug/003_Debug menus/003_Debug_MenuExtraCode.rb: uninitialized constant Window_DrawableCommand
D:/GitHub/RPGSaveEditor/rpg_save_editor/pokemon_essentials/pokemon-essentials/Data/Scripts/020_Debug/003_Debug menus/003_Debug_MenuExtraCode.rb:46:in `<top (required)>'
rxToJSON.rb:5:in `require_relative'
rxToJSON.rb:5:in `block in <main>'
rxToJSON.rb:3:in `each'
rxToJSON.rb:3:in `<main>'

Error loading file pokemon_essentials/pokemon-essentials/Data/Scripts/020_Debug/003_Debug menus/006_Debug_BattleExtraCode.rb: uninitialized constant Window_DrawableCommand
D:/GitHub/RPGSaveEditor/rpg_save_editor/pokemon_essentials/pokemon-essentials/Data/Scripts/020_Debug/003_Debug menus/006_Debug_BattleExtraCode.rb:182:in `<top (required)>'
rxToJSON.rb:5:in `require_relative'
rxToJSON.rb:5:in `block in <main>'
rxToJSON.rb:3:in `each'
rxToJSON.rb:3:in `<main>'

Error loading file pokemon_essentials/pokemon-essentials/Data/Scripts/999_Main/999_Main.rb: undefined method `load_data' for PluginManager:Module
D:/GitHub/RPGSaveEditor/rpg_save_editor/pokemon_essentials/pokemon-essentials/Data/Scripts/001_Technical/005_PluginManager.rb:632:in `runPlugins'
D:/GitHub/RPGSaveEditor/rpg_save_editor/pokemon_essentials/pokemon-essentials/Data/Scripts/999_Main/999_Main.rb:28:in `mainFunctionDebug'
D:/GitHub/RPGSaveEditor/rpg_save_editor/pokemon_essentials/pokemon-essentials/Data/Scripts/999_Main/999_Main.rb:20:in `mainFunction'
D:/GitHub/RPGSaveEditor/rpg_save_editor/pokemon_essentials/pokemon-essentials/Data/Scripts/999_Main/999_Main.rb:45:in `block in <top (required)>'
D:/GitHub/RPGSaveEditor/rpg_save_editor/pokemon_essentials/pokemon-essentials/Data/Scripts/999_Main/999_Main.rb:44:in `loop'
D:/GitHub/RPGSaveEditor/rpg_save_editor/pokemon_essentials/pokemon-essentials/Data/Scripts/999_Main/999_Main.rb:44:in `<top (required)>'
rxToJSON.rb:5:in `require_relative'
rxToJSON.rb:5:in `block in <main>'
rxToJSON.rb:3:in `each'
rxToJSON.rb:3:in `<main>'

Error converting file src/test_files/test.rxdata: undefined class/module Quest
<internal:marshal>:34:in `load'
rxToJSON.rb:17:in `convert_marshal_to_json'
rxToJSON.rb:24:in `<main>'

